<?xml version="1.0" encoding="UTF-8"?>
<!-- Generated by org.testng.reporters.JUnitXMLReporter -->
<testsuite hostname="IN-vbanachh-W1" ignored="0" tests="3" failures="1" timestamp="25 Aug 2020 07:59:44 GMT" time="1.175" errors="0">
  <testcase name="stepIn" time="0.067" classname="NodeImplTest">
    <failure type="java.lang.AssertionError" message="expected [true] but found [false]">
      <![CDATA[java.lang.AssertionError: expected [true] but found [false]
	at NodeImplTest.stepIn(NodeImplTest.java:88)
... Removed 39 stack frames]]>
    </failure>
  </testcase> <!-- stepIn -->
  <testcase name="stepIn1" time="0.0" classname="NodeImplTest"/>
  <testcase name="quickStartDemoTest" time="0.246" classname="QuickStartTest"/>
</testsuite>
