<?xml version="1.0" encoding="UTF-8"?>
<testng-results skipped="0" failed="1" ignored="0" total="3" passed="2">
  <reporter-output>
  </reporter-output>
  <suite name="Command line suite" duration-ms="1175" started-at="2020-08-25T07:59:43Z" finished-at="2020-08-25T07:59:44Z">
    <groups>
    </groups>
    <test name="Command line test" duration-ms="1175" started-at="2020-08-25T07:59:43Z" finished-at="2020-08-25T07:59:44Z">
      <class name="QuickStartTest">
        <test-method status="PASS" signature="setup()[pri:0, instance:QuickStartTest@140e5a13]" name="setup" is-config="true" duration-ms="0" started-at="2020-08-25T13:29:44Z" finished-at="2020-08-25T13:29:44Z">
          <reporter-output>
          </reporter-output>
        </test-method> <!-- setup -->
        <test-method status="PASS" signature="quickStartDemoTest(java.lang.reflect.Method)[pri:0, instance:QuickStartTest@140e5a13]" name="quickStartDemoTest" duration-ms="246" started-at="2020-08-25T13:29:44Z" finished-at="2020-08-25T13:29:44Z">
          <params>
            <param index="0">
              <value>
                <![CDATA[public void QuickStartTest.quickStartDemoTest(java.lang.reflect.Method) throws com.bmc.bagdb.ModelCORBA.DataStore.NoSuchPartition,java.io.IOException]]>
              </value>
            </param>
          </params>
          <reporter-output>
          </reporter-output>
        </test-method> <!-- quickStartDemoTest -->
        <test-method status="PASS" signature="tearDown()[pri:0, instance:QuickStartTest@140e5a13]" name="tearDown" is-config="true" duration-ms="125" started-at="2020-08-25T13:29:44Z" finished-at="2020-08-25T13:29:44Z">
          <reporter-output>
          </reporter-output>
        </test-method> <!-- tearDown -->
      </class> <!-- QuickStartTest -->
      <class name="NodeImplTest">
        <test-method status="PASS" signature="setUp()[pri:0, instance:NodeImplTest@60438a68]" name="setUp" is-config="true" duration-ms="465" started-at="2020-08-25T13:29:43Z" finished-at="2020-08-25T13:29:43Z">
          <reporter-output>
          </reporter-output>
        </test-method> <!-- setUp -->
        <test-method status="FAIL" signature="stepIn(java.lang.reflect.Method)[pri:0, instance:NodeImplTest@60438a68]" name="stepIn" duration-ms="67" started-at="2020-08-25T13:29:43Z" finished-at="2020-08-25T13:29:43Z">
          <params>
            <param index="0">
              <value>
                <![CDATA[public void NodeImplTest.stepIn(java.lang.reflect.Method)]]>
              </value>
            </param>
          </params>
          <exception class="java.lang.AssertionError">
            <message>
              <![CDATA[expected [true] but found [false]]]>
            </message>
            <full-stacktrace>
              <![CDATA[java.lang.AssertionError: expected [true] but found [false]
	at org.testng.Assert.fail(Assert.java:94)
	at org.testng.Assert.failNotEquals(Assert.java:513)
	at org.testng.Assert.assertTrue(Assert.java:42)
	at org.testng.Assert.assertTrue(Assert.java:52)
	at NodeImplTest.stepIn(NodeImplTest.java:88)
	at sun.reflect.NativeMethodAccessorImpl.invoke0(Native Method)
	at sun.reflect.NativeMethodAccessorImpl.invoke(NativeMethodAccessorImpl.java:62)
	at sun.reflect.DelegatingMethodAccessorImpl.invoke(DelegatingMethodAccessorImpl.java:43)
	at java.lang.reflect.Method.invoke(Method.java:498)
	at org.testng.internal.MethodInvocationHelper.invokeMethod(MethodInvocationHelper.java:104)
	at org.testng.internal.Invoker.invokeMethod(Invoker.java:645)
	at org.testng.internal.Invoker.invokeTestMethod(Invoker.java:851)
	at org.testng.internal.Invoker.invokeTestMethods(Invoker.java:1177)
	at org.testng.internal.TestMethodWorker.invokeTestMethods(TestMethodWorker.java:129)
	at org.testng.internal.TestMethodWorker.run(TestMethodWorker.java:112)
	at org.testng.TestRunner.privateRun(TestRunner.java:756)
	at org.testng.TestRunner.run(TestRunner.java:610)
	at org.testng.SuiteRunner.runTest(SuiteRunner.java:387)
	at org.testng.SuiteRunner.runSequentially(SuiteRunner.java:382)
	at org.testng.SuiteRunner.privateRun(SuiteRunner.java:340)
	at org.testng.SuiteRunner.run(SuiteRunner.java:289)
	at org.testng.SuiteRunnerWorker.runSuite(SuiteRunnerWorker.java:52)
	at org.testng.SuiteRunnerWorker.run(SuiteRunnerWorker.java:86)
	at org.testng.TestNG.runSuitesSequentially(TestNG.java:1293)
	at org.testng.TestNG.runSuitesLocally(TestNG.java:1218)
	at org.testng.TestNG.runSuites(TestNG.java:1133)
	at org.testng.TestNG.run(TestNG.java:1104)
	at org.apache.maven.surefire.testng.TestNGExecutor.run(TestNGExecutor.java:77)
	at org.apache.maven.surefire.testng.TestNGDirectoryTestSuite.executeMulti(TestNGDirectoryTestSuite.java:159)
	at org.apache.maven.surefire.testng.TestNGDirectoryTestSuite.execute(TestNGDirectoryTestSuite.java:99)
	at org.apache.maven.surefire.testng.TestNGProvider.invoke(TestNGProvider.java:106)
	at sun.reflect.NativeMethodAccessorImpl.invoke0(Native Method)
	at sun.reflect.NativeMethodAccessorImpl.invoke(NativeMethodAccessorImpl.java:62)
	at sun.reflect.DelegatingMethodAccessorImpl.invoke(DelegatingMethodAccessorImpl.java:43)
	at java.lang.reflect.Method.invoke(Method.java:498)
	at org.apache.maven.surefire.util.ReflectionUtils.invokeMethodWithArray(ReflectionUtils.java:189)
	at org.apache.maven.surefire.booter.ProviderFactory$ProviderProxy.invoke(ProviderFactory.java:165)
	at org.apache.maven.surefire.booter.ProviderFactory.invokeProvider(ProviderFactory.java:85)
	at org.apache.maven.surefire.booter.ForkedBooter.runSuitesInProcess(ForkedBooter.java:115)
	at org.apache.maven.surefire.booter.ForkedBooter.main(ForkedBooter.java:75)
]]>
            </full-stacktrace>
          </exception> <!-- java.lang.AssertionError -->
          <reporter-output>
          </reporter-output>
        </test-method> <!-- stepIn -->
        <test-method status="PASS" signature="stepIn1(java.lang.reflect.Method)[pri:0, instance:NodeImplTest@60438a68]" name="stepIn1" duration-ms="0" started-at="2020-08-25T13:29:43Z" finished-at="2020-08-25T13:29:43Z">
          <params>
            <param index="0">
              <value>
                <![CDATA[public void NodeImplTest.stepIn1(java.lang.reflect.Method)]]>
              </value>
            </param>
          </params>
          <reporter-output>
          </reporter-output>
        </test-method> <!-- stepIn1 -->
        <test-method status="PASS" signature="tearDown()[pri:0, instance:NodeImplTest@60438a68]" name="tearDown" is-config="true" duration-ms="172" started-at="2020-08-25T13:29:43Z" finished-at="2020-08-25T13:29:44Z">
          <reporter-output>
          </reporter-output>
        </test-method> <!-- tearDown -->
      </class> <!-- NodeImplTest -->
    </test> <!-- Command line test -->
  </suite> <!-- Command line suite -->
</testng-results>
